[debug] [2023-08-28T08:02:18.707Z] ----------------------------------------------------------------------
[debug] [2023-08-28T08:02:18.711Z] Command:       /usr/bin/node /home/nitroadam1233/.npm-global/bin/firebase init
[debug] [2023-08-28T08:02:18.712Z] CLI Version:   12.5.1
[debug] [2023-08-28T08:02:18.713Z] Platform:      linux
[debug] [2023-08-28T08:02:18.713Z] Node Version:  v20.5.1
[debug] [2023-08-28T08:02:18.713Z] Time:          Mon Aug 28 2023 01:02:18 GMT-0700 (Pacific Daylight Time)
[debug] [2023-08-28T08:02:18.713Z] ----------------------------------------------------------------------
[debug] 
[debug] [2023-08-28T08:02:18.718Z] >>> [apiv2][query] GET https://firebase-public.firebaseio.com/cli.json [none]
[debug] [2023-08-28T08:02:18.792Z] > command requires scopes: ["email","openid","https://www.googleapis.com/auth/cloudplatformprojects.readonly","https://www.googleapis.com/auth/firebase","https://www.googleapis.com/auth/cloud-platform"]
[debug] [2023-08-28T08:02:18.793Z] > authorizing via signed-in user (nitroadam1233@gmail.com)
[info] 
     ######## #### ########  ######## ########     ###     ######  ########
     ##        ##  ##     ## ##       ##     ##  ##   ##  ##       ##
     ######    ##  ########  ######   ########  #########  ######  ######
     ##        ##  ##    ##  ##       ##     ## ##     ##       ## ##
     ##       #### ##     ## ######## ########  ##     ##  ######  ########

You're about to initialize a Firebase project in this directory:

  /home/nitroadam1233/personal-portfolio

[debug] [2023-08-28T08:02:19.116Z] <<< [apiv2][status] GET https://firebase-public.firebaseio.com/cli.json 200
[debug] [2023-08-28T08:02:19.120Z] <<< [apiv2][body] GET https://firebase-public.firebaseio.com/cli.json {"cloudBuildErrorAfter":1594252800000,"cloudBuildWarnAfter":1590019200000,"defaultNode10After":1594252800000,"minVersion":"3.0.5","node8DeploysDisabledAfter":1613390400000,"node8RuntimeDisabledAfter":1615809600000,"node8WarnAfter":1600128000000}
[info] 
=== Project Setup
[info] 
[info] First, let's associate this project directory with a Firebase project.
[info] You can create multiple project aliases by running firebase use --add, 
[info] but for now we'll just set up a default project.
[info] 
[debug] [2023-08-28T08:03:25.495Z] > refreshing access token with scopes: []
[debug] [2023-08-28T08:03:25.497Z] >>> [apiv2][query] POST https://www.googleapis.com/oauth2/v3/token [none]
[debug] [2023-08-28T08:03:25.498Z] >>> [apiv2][body] POST https://www.googleapis.com/oauth2/v3/token [omitted]
[debug] [2023-08-28T08:03:25.651Z] <<< [apiv2][status] POST https://www.googleapis.com/oauth2/v3/token 200
[debug] [2023-08-28T08:03:25.652Z] <<< [apiv2][body] POST https://www.googleapis.com/oauth2/v3/token [omitted]
[debug] [2023-08-28T08:03:25.688Z] >>> [apiv2][query] GET https://firebase.googleapis.com/v1beta1/projects pageSize=100
[debug] [2023-08-28T08:03:26.484Z] <<< [apiv2][status] GET https://firebase.googleapis.com/v1beta1/projects 200
[debug] [2023-08-28T08:03:26.485Z] <<< [apiv2][body] GET https://firebase.googleapis.com/v1beta1/projects [omitted]
[info] i  Using project work-portfolio-956e7 (work portfolio) 
[info] 
=== Hosting Setup
[info] 
[info] Your public directory is the folder (relative to your project directory) that
[info] will contain Hosting assets to be uploaded with firebase deploy. If you
[info] have a build process for your assets, use your build's output directory.
[info] 
[info] ✔  Wrote public/404.html 
[debug] [2023-08-28T08:05:03.250Z] >>> [apiv2][query] GET https://www.gstatic.com/firebasejs/releases.json [none]
[debug] [2023-08-28T08:05:03.341Z] <<< [apiv2][status] GET https://www.gstatic.com/firebasejs/releases.json 200
[debug] [2023-08-28T08:05:03.352Z] <<< [apiv2][body] GET https://www.gstatic.com/firebasejs/releases.json {"current":{"version":"10.3.0","browserURL":"https://www.gstatic.com/firebasejs/10.3.0/firebase.js","packageURL":"https://www.gstatic.com/firebasejs/10.3.0/firebase.tgz"},"live":{"version":"10.3","browserURL":"https://www.gstatic.com/firebasejs/live/10.3/firebase.js","packageURL":"https://www.gstatic.com/firebasejs/live/10.3/firebase.tgz"},"components":{"analytics":"https://www.gstatic.com/firebasejs/10.3.0/firebase-analytics.js","app":"https://www.gstatic.com/firebasejs/10.3.0/firebase-app.js","app-check":"https://www.gstatic.com/firebasejs/10.3.0/firebase-app-check.js","auth":"https://www.gstatic.com/firebasejs/10.3.0/firebase-auth.js","auth/cordova":"https://www.gstatic.com/firebasejs/10.3.0/firebase-auth/cordova.js","functions":"https://www.gstatic.com/firebasejs/10.3.0/firebase-functions.js","firestore":"https://www.gstatic.com/firebasejs/10.3.0/firebase-firestore.js","firestore/lite":"https://www.gstatic.com/firebasejs/10.3.0/firebase-firestore/lite.js","installations":"https://www.gstatic.com/firebasejs/10.3.0/firebase-installations.js","storage":"https://www.gstatic.com/firebasejs/10.3.0/firebase-storage.js","performance":"https://www.gstatic.com/firebasejs/10.3.0/firebase-performance.js","remote-config":"https://www.gstatic.com/firebasejs/10.3.0/firebase-remote-config.js","messaging":"https://www.gstatic.com/firebasejs/10.3.0/firebase-messaging.js","messaging/sw":"https://www.gstatic.com/firebasejs/10.3.0/firebase-messaging/sw.js","database":"https://www.gstatic.com/firebasejs/10.3.0/firebase-database.js","firestore.memory":"https://www.gstatic.com/firebasejs/10.3.0/firebase-firestore.memory.js"}}
[info] i  Skipping write of public/index.html 
[info] 
[info] i  Didn't detect a .git folder. Assuming /home/nitroadam1233/personal-portfolio is the project root. 
[info] i  Authorizing with GitHub to upload your service account to a GitHub repository's secrets store. 
[info] 
[info] Visit this URL on this device to log in:
[info] https://github.com/login/oauth/authorize?client_id=89cf50f02ac6aaed3484&state=225913843&redirect_uri=http%3A%2F%2Flocalhost%3A9005&scope=read%3Auser%20repo%20public_repo
[info] 
[info] Waiting for authentication...
[debug] [2023-08-28T08:05:13.466Z] >>> [apiv2][query] POST https://github.com/login/oauth/access_token [none]
[debug] [2023-08-28T08:05:13.467Z] >>> [apiv2][body] POST https://github.com/login/oauth/access_token [stream]
[debug] [2023-08-28T08:05:13.796Z] <<< [apiv2][status] POST https://github.com/login/oauth/access_token 200
[debug] [2023-08-28T08:05:13.797Z] <<< [apiv2][body] POST https://github.com/login/oauth/access_token {"access_token":"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","token_type":"bearer","scope":"read:user,repo"}
[debug] [2023-08-28T08:05:13.830Z] >>> [apiv2][query] GET https://api.github.com/user [none]
[debug] [2023-08-28T08:05:14.608Z] <<< [apiv2][status] GET https://api.github.com/user 200
[debug] [2023-08-28T08:05:14.615Z] <<< [apiv2][body] GET https://api.github.com/user {"login":"nitroadam1233","id":67080294,"node_id":"MDQ6VXNlcjY3MDgwMjk0","avatar_url":"https://avatars.githubusercontent.com/u/67080294?v=4","gravatar_id":"","url":"https://api.github.com/users/nitroadam1233","html_url":"https://github.com/nitroadam1233","followers_url":"https://api.github.com/users/nitroadam1233/followers","following_url":"https://api.github.com/users/nitroadam1233/following{/other_user}","gists_url":"https://api.github.com/users/nitroadam1233/gists{/gist_id}","starred_url":"https://api.github.com/users/nitroadam1233/starred{/owner}{/repo}","subscriptions_url":"https://api.github.com/users/nitroadam1233/subscriptions","organizations_url":"https://api.github.com/users/nitroadam1233/orgs","repos_url":"https://api.github.com/users/nitroadam1233/repos","events_url":"https://api.github.com/users/nitroadam1233/events{/privacy}","received_events_url":"https://api.github.com/users/nitroadam1233/received_events","type":"User","site_admin":false,"name":"Adam Breslin","company":null,"blog":"","location":"Wrightwood, ca","email":null,"hireable":null,"bio":"I'm interested in making interactive web applications and styling web pages.","twitter_username":null,"public_repos":17,"public_gists":0,"followers":0,"following":0,"created_at":"2020-06-17T23:43:49Z","updated_at":"2023-08-20T23:43:00Z","private_gists":0,"total_private_repos":0,"owned_private_repos":0,"disk_usage":73303,"collaborators":0,"two_factor_authentication":false,"plan":{"name":"free","space":976562499,"collaborators":0,"private_repos":10000}}
[info] 
[info] ✔  Success! Logged into GitHub as nitroadam1233 
[info] 
